[debug] [2020-01-29T11:36:37.875Z] ----------------------------------------------------------------------
[debug] [2020-01-29T11:36:37.878Z] Command:       C:\Program Files\nodejs\node.exe C:\Users\rjw14\AppData\Roaming\npm\node_modules\firebase-tools\lib\bin\firebase.js deploy --only functions
[debug] [2020-01-29T11:36:37.878Z] CLI Version:   7.12.1
[debug] [2020-01-29T11:36:37.878Z] Platform:      win32
[debug] [2020-01-29T11:36:37.878Z] Node Version:  v12.10.0
[debug] [2020-01-29T11:36:37.879Z] Time:          Wed Jan 29 2020 06:36:37 GMT-0500 (Eastern Standard Time)
[debug] [2020-01-29T11:36:37.879Z] ----------------------------------------------------------------------
[debug] [2020-01-29T11:36:37.879Z] 
[debug] [2020-01-29T11:36:37.887Z] > command requires scopes: ["email","openid","https://www.googleapis.com/auth/cloudplatformprojects.readonly","https://www.googleapis.com/auth/firebase","https://www.googleapis.com/auth/cloud-platform"]
[debug] [2020-01-29T11:36:37.888Z] > authorizing via signed-in user
[debug] [2020-01-29T11:36:37.889Z] [iam] checking project ssr-shopping for permissions ["cloudfunctions.functions.create","cloudfunctions.functions.delete","cloudfunctions.functions.get","cloudfunctions.functions.list","cloudfunctions.functions.update","cloudfunctions.operations.get","firebase.projects.get"]
[debug] [2020-01-29T11:36:37.890Z] >>> HTTP REQUEST POST https://cloudresourcemanager.googleapis.com/v1/projects/ssr-shopping:testIamPermissions  

[debug] [2020-01-29T11:36:38.189Z] <<< HTTP RESPONSE 200
[info] 
[info] === Deploying to 'ssr-shopping'...
[info] 
[info] i  deploying functions
[info] Running command: npm --prefix "$RESOURCE_DIR" run lint
[info] Running command: npm --prefix "$RESOURCE_DIR" run build
[info] +  functions: Finished running predeploy script.
[debug] [2020-01-29T11:36:50.097Z] > [functions] package.json contents: {
  "name": "functions",
  "scripts": {
    "lint": "tslint --project tsconfig.json",
    "build": "tsc",
    "serve": "npm run build && firebase serve --only functions",
    "shell": "npm run build && firebase functions:shell",
    "start": "npm run shell",
    "deploy": "firebase deploy --only functions",
    "logs": "firebase functions:log"
  },
  "engines": {
    "node": "8"
  },
  "main": "lib/index.js",
  "dependencies": {
    "firebase-admin": "^8.6.0",
    "firebase-functions": "^3.3.0",
    "fs-extra": "^8.1.0",
    "sharp": "^0.24.0",
    "stripe": "^8.4.1"
  },
  "devDependencies": {
    "@types/sharp": "^0.24.0",
    "@types/stripe": "^7.13.20",
    "firebase-functions-test": "^0.1.6",
    "tslint": "^5.12.0",
    "typescript": "^3.2.2"
  },
  "private": true
}
[info] i  functions: ensuring necessary APIs are enabled...
[debug] [2020-01-29T11:36:50.103Z] >>> HTTP REQUEST GET https://serviceusage.googleapis.com/v1/projects/ssr-shopping/services/cloudfunctions.googleapis.com  
 
[debug] [2020-01-29T11:36:50.105Z] >>> HTTP REQUEST GET https://serviceusage.googleapis.com/v1/projects/ssr-shopping/services/runtimeconfig.googleapis.com  
 
[debug] [2020-01-29T11:36:50.576Z] <<< HTTP RESPONSE 200
[debug] [2020-01-29T11:36:50.667Z] <<< HTTP RESPONSE 200
[info] +  functions: all necessary APIs are enabled
[debug] [2020-01-29T11:36:50.669Z] >>> HTTP REQUEST GET https://firebase.googleapis.com/v1beta1/projects/ssr-shopping/adminSdkConfig  
 
[debug] [2020-01-29T11:36:51.029Z] <<< HTTP RESPONSE 200
[info] i  functions: preparing functions directory for uploading...
[debug] [2020-01-29T11:36:51.035Z] >>> HTTP REQUEST GET https://runtimeconfig.googleapis.com/v1beta1/projects/ssr-shopping/configs  
 
[debug] [2020-01-29T11:36:51.805Z] <<< HTTP RESPONSE 200
[debug] [2020-01-29T11:36:51.806Z] >>> HTTP REQUEST GET https://runtimeconfig.googleapis.com/v1beta1/projects/ssr-shopping/configs/stripe/variables  
 
[debug] [2020-01-29T11:36:52.224Z] <<< HTTP RESPONSE 200
[debug] [2020-01-29T11:36:52.225Z] >>> HTTP REQUEST GET https://runtimeconfig.googleapis.com/v1beta1/projects/ssr-shopping/configs/stripe/variables/secret  
 
[debug] [2020-01-29T11:36:52.872Z] <<< HTTP RESPONSE 200
[info] i  functions: packaged functions (45.3 KB) for uploading
[debug] [2020-01-29T11:36:53.706Z] >>> HTTP REQUEST POST https://cloudfunctions.googleapis.com/v1/projects/ssr-shopping/locations/us-central1/functions:generateUploadUrl  
 
[debug] [2020-01-29T11:36:54.536Z] <<< HTTP RESPONSE 200
[debug] [2020-01-29T11:36:54.537Z] >>> HTTP REQUEST PUT https://storage.googleapis.com/gcf-upload-us-central1-d9262199-d65d-4fd6-aad7-f81126259b00/30739c19-a27f-4330-bbd0-d4ad2ae283bb.zip?GoogleAccessId=service-189966869184@gcf-admin-robot.iam.gserviceaccount.com&Expires=1580299609&Signature=J%2Fw8gG66LOkD8%2B3cUaXtpWKWt4O%2F%2B%2F3QsCP9jjaKYJxZMSfySRPyiVee7Q%2Ba1l8CWmZ8YcFkQc0JdSZ2qal9jnAKn4FGp1cnFrVOkC%2FgLTPMSn0fi55FK1gIEfrRHqPxR6qcAbvi6k7cFK3Lo5%2FfqeF%2FjeSoXCAexaZZT0UtN8n6spIWW54FC6AvryYN%2BdjCxWUREtpzeHFHeyzyK3qCbzyuQv%2B0iYb7y8dUpDkkAaFZJUt1rIpfXR0rZI1JBtfeY0iQJXWzIS%2B%2FnpE6FnH0udbxPb%2FZSO41CW52KT79ZgDfzjGViUcmjY%2BZMQtLN2bTAa0xK%2FY7asJ5RZP9ay%2BtKQ%3D%3D  
 <request body omitted>
[debug] [2020-01-29T11:36:54.872Z] <<< HTTP RESPONSE 200
[info] +  functions: functions folder uploaded successfully
[debug] [2020-01-29T11:36:54.879Z] >>> HTTP REQUEST GET https://cloudfunctions.googleapis.com/v1/projects/ssr-shopping/locations/-/functions  
 
[debug] [2020-01-29T11:36:55.436Z] <<< HTTP RESPONSE 200
[info] i  functions: creating Node.js 8 function resizeImage(us-central1)...
[debug] [2020-01-29T11:36:55.440Z] Trigger is:  {"eventTrigger":{"resource":"projects/_/buckets/ssr-shopping.appspot.com","eventType":"google.storage.object.finalize","service":"storage.googleapis.com"}}
[info] i  functions: updating Node.js 8 function createStripeCustomer(us-central1)...
[debug] [2020-01-29T11:36:55.453Z] Trigger is:  {"eventTrigger":{"resource":"projects/ssr-shopping","eventType":"providers/firebase.auth/eventTypes/user.create","service":"firebaseauth.googleapis.com"}}
[info] i  functions: updating Node.js 8 function createCharge(us-central1)...
[debug] [2020-01-29T11:36:55.455Z] Trigger is:  {"httpsTrigger":{}}
[info] i  functions: updating Node.js 8 function createSource(us-central1)...
[debug] [2020-01-29T11:36:55.457Z] Trigger is:  {"httpsTrigger":{}}
[debug] [2020-01-29T11:36:55.459Z] >>> HTTP REQUEST GET https://serviceusage.googleapis.com/v1/projects/ssr-shopping/services/cloudscheduler.googleapis.com  
 
[debug] [2020-01-29T11:36:55.829Z] <<< HTTP RESPONSE 200
[debug] [2020-01-29T11:36:55.833Z] >>> HTTP REQUEST POST https://cloudfunctions.googleapis.com/v1/projects/ssr-shopping/locations/us-central1/functions  

[debug] [2020-01-29T11:36:55.834Z] >>> HTTP REQUEST PATCH https://cloudfunctions.googleapis.com/v1/projects/ssr-shopping/locations/us-central1/functions/createStripeCustomer {"updateMask":"sourceUploadUrl,name,labels,runtime,eventTrigger.resource,eventTrigger.eventType,eventTrigger.service"} 

[debug] [2020-01-29T11:36:55.837Z] >>> HTTP REQUEST PATCH https://cloudfunctions.googleapis.com/v1/projects/ssr-shopping/locations/us-central1/functions/createCharge {"updateMask":"sourceUploadUrl,name,labels,runtime,httpsTrigger"} 

[debug] [2020-01-29T11:36:55.838Z] >>> HTTP REQUEST PATCH https://cloudfunctions.googleapis.com/v1/projects/ssr-shopping/locations/us-central1/functions/createSource {"updateMask":"sourceUploadUrl,name,labels,runtime,httpsTrigger"} 

[debug] [2020-01-29T11:36:56.440Z] <<< HTTP RESPONSE 200
[debug] [2020-01-29T11:36:56.447Z] <<< HTTP RESPONSE 200
[debug] [2020-01-29T11:36:56.494Z] <<< HTTP RESPONSE 200
[debug] [2020-01-29T11:36:56.620Z] <<< HTTP RESPONSE 200
[debug] [2020-01-29T11:36:56.621Z] >>> HTTP REQUEST GET https://cloudfunctions.googleapis.com/v1/projects/ssr-shopping/locations/-/functions  
 
[debug] [2020-01-29T11:36:57.144Z] <<< HTTP RESPONSE 200
[debug] [2020-01-29T11:36:57.147Z] >>> HTTP REQUEST GET https://cloudfunctions.googleapis.com/v1/operations/c3NyLXNob3BwaW5nL3VzLWNlbnRyYWwxL3Jlc2l6ZUltYWdlL2hGS0Nvdm1rOTZN  
 
[debug] [2020-01-29T11:36:57.147Z] >>> HTTP REQUEST GET https://cloudfunctions.googleapis.com/v1/operations/c3NyLXNob3BwaW5nL3VzLWNlbnRyYWwxL2NyZWF0ZVN0cmlwZUN1c3RvbWVyLzFRcDl2dnVfSGVZ  
 
[debug] [2020-01-29T11:36:57.148Z] >>> HTTP REQUEST GET https://cloudfunctions.googleapis.com/v1/operations/c3NyLXNob3BwaW5nL3VzLWNlbnRyYWwxL2NyZWF0ZUNoYXJnZS8yOGxlUlZ5alktOA  
 
[debug] [2020-01-29T11:36:57.148Z] >>> HTTP REQUEST GET https://cloudfunctions.googleapis.com/v1/operations/c3NyLXNob3BwaW5nL3VzLWNlbnRyYWwxL2NyZWF0ZVNvdXJjZS9MZEtDX25valRyQQ  
 
[debug] [2020-01-29T11:36:57.375Z] <<< HTTP RESPONSE 200
